<?xml version="1.0" encoding="UTF-8"?>
<testsuite xmlns:xsi="http://www.w3.org/2001/XMLSchema-instance" xsi:noNamespaceSchemaLocation="https://maven.apache.org/surefire/maven-surefire-plugin/xsd/surefire-test-report-3.0.xsd" version="3.0" name="cs61B.list4.AListTest" time="0.034" tests="1" errors="0" skipped="0" failures="0">
  <properties>
[...]
</properties>
  <testcase name="test" classname="cs61B.list4.AListTest" time="0.016">
    <system-out><![CDATA[cs61B.list4.AList@1fa268de
25
5
]]></system-out>
  </testcase>
</testsuite>